[0m20:22:55.806875 [debug] [MainThread]: Sending event: {'category': 'dbt', 'action': 'invocation', 'label': 'start', 'context': [<snowplow_tracker.self_describing_json.SelfDescribingJson object at 0x0000011DDC1F38D0>, <snowplow_tracker.self_describing_json.SelfDescribingJson object at 0x0000011DDC322550>, <snowplow_tracker.self_describing_json.SelfDescribingJson object at 0x0000011DDC322E10>]}


============================== 20:22:55.806875 | e7f98121-569d-4d08-92ed-79176e0d9cb2 ==============================
[0m20:22:55.806875 [info ] [MainThread]: Running with dbt=1.8.4
[0m20:22:55.820902 [debug] [MainThread]: running dbt with arguments {'printer_width': '80', 'indirect_selection': 'eager', 'write_json': 'True', 'log_cache_events': 'False', 'partial_parse': 'True', 'cache_selected_only': 'False', 'profiles_dir': 'C:\\Users\\alex\\.dbt', 'fail_fast': 'False', 'version_check': 'True', 'log_path': 'logs', 'debug': 'False', 'warn_error': 'None', 'use_colors': 'True', 'use_experimental_parser': 'False', 'empty': 'None', 'quiet': 'False', 'no_print': 'None', 'log_format': 'default', 'invocation_command': 'dbt init dbt_surf_prj', 'warn_error_options': 'WarnErrorOptions(include=[], exclude=[])', 'static_parser': 'True', 'target_path': 'None', 'introspect': 'True', 'send_anonymous_usage_stats': 'True'}
[0m20:22:55.853576 [debug] [MainThread]: Starter project path: C:\LABS\dbt_surf-env\Lib\site-packages\dbt\include\starter_project
[0m20:22:55.900483 [info ] [MainThread]: 
Your new dbt project "dbt_surf_prj" was created!

For more information on how to configure the profiles.yml file,
please consult the dbt documentation here:

  https://docs.getdbt.com/docs/configure-your-profile

One more thing:

Need help? Don't hesitate to reach out to us via GitHub issues or on Slack:

  https://community.getdbt.com/

Happy modeling!

[0m20:22:55.900483 [info ] [MainThread]: Setting up your profile.
[0m20:24:47.235731 [info ] [MainThread]: Profile dbt_surf_prj written to C:\Users\alex\.dbt\profiles.yml using target's profile_template.yml and your supplied values. Run 'dbt debug' to validate the connection.
[0m20:24:47.235731 [debug] [MainThread]: Command `dbt init` succeeded at 20:24:47.235731 after 111.57 seconds
[0m20:24:47.235731 [debug] [MainThread]: Sending event: {'category': 'dbt', 'action': 'invocation', 'label': 'end', 'context': [<snowplow_tracker.self_describing_json.SelfDescribingJson object at 0x0000011DDC304610>, <snowplow_tracker.self_describing_json.SelfDescribingJson object at 0x0000011DDC2DD6D0>, <snowplow_tracker.self_describing_json.SelfDescribingJson object at 0x0000011DD5E0B290>]}
[0m20:24:47.235731 [debug] [MainThread]: Flushing usage events
[0m16:58:15.695699 [debug] [MainThread]: Sending event: {'category': 'dbt', 'action': 'invocation', 'label': 'start', 'context': [<snowplow_tracker.self_describing_json.SelfDescribingJson object at 0x000001DFC326D290>, <snowplow_tracker.self_describing_json.SelfDescribingJson object at 0x000001DFC0CD09D0>, <snowplow_tracker.self_describing_json.SelfDescribingJson object at 0x000001DFC32A42D0>]}


============================== 16:58:15.711320 | cf23ba2f-810c-4141-8db1-db320fcabc33 ==============================
[0m16:58:15.711320 [info ] [MainThread]: Running with dbt=1.8.4
[0m16:58:15.711320 [debug] [MainThread]: running dbt with arguments {'printer_width': '80', 'indirect_selection': 'eager', 'log_cache_events': 'False', 'write_json': 'True', 'partial_parse': 'True', 'cache_selected_only': 'False', 'profiles_dir': 'C:\\Users\\alex\\.dbt', 'version_check': 'True', 'debug': 'False', 'log_path': 'logs', 'fail_fast': 'False', 'warn_error': 'None', 'use_colors': 'True', 'use_experimental_parser': 'False', 'empty': 'None', 'quiet': 'False', 'no_print': 'None', 'log_format': 'default', 'introspect': 'True', 'static_parser': 'True', 'invocation_command': 'dbt deps', 'target_path': 'None', 'warn_error_options': 'WarnErrorOptions(include=[], exclude=[])', 'send_anonymous_usage_stats': 'True'}
[0m16:58:15.711320 [error] [MainThread]: Encountered an error:
Runtime Error
  No dbt_project.yml found at expected path C:\LABS\dbt_surf\dbt_project.yml
  Verify that each entry within packages.yml (and their transitive dependencies) contains a file named dbt_project.yml
  
[0m16:58:15.711320 [debug] [MainThread]: Command `dbt deps` failed at 16:58:15.711320 after 0.16 seconds
[0m16:58:15.711320 [debug] [MainThread]: Sending event: {'category': 'dbt', 'action': 'invocation', 'label': 'end', 'context': [<snowplow_tracker.self_describing_json.SelfDescribingJson object at 0x000001DFC32A4890>, <snowplow_tracker.self_describing_json.SelfDescribingJson object at 0x000001DFC327DFD0>, <snowplow_tracker.self_describing_json.SelfDescribingJson object at 0x000001DFC32D76D0>]}
[0m16:58:15.711320 [debug] [MainThread]: Flushing usage events
